{"name":"matrixTest","status":"failed","statusDetails":{"known":false,"muted":false,"flaky":false,"message":"did not expect [0] but found [0]","trace":"java.lang.AssertionError: did not expect [0] but found [0]\r\n\tat org.testng.Assert.fail(Assert.java:99)\r\n\tat org.testng.Assert.failEquals(Assert.java:1041)\r\n\tat org.testng.Assert.assertNotEqualsImpl(Assert.java:147)\r\n\tat org.testng.Assert.assertNotEquals(Assert.java:1531)\r\n\tat org.testng.Assert.assertNotEquals(Assert.java:1535)\r\n\tat theinternettests.ChallengingDOM.isLastIndexEqualsZero(ChallengingDOM.java:30)\r\n\tat theinternettests.ChallengingDOM.matrixTest(ChallengingDOM.java:24)\r\n\tat theinternettests.TheInternetTest.matrixTest(TheInternetTest.java:81)\r\n\tat java.base/jdk.internal.reflect.NativeMethodAccessorImpl.invoke0(Native Method)\r\n\tat java.base/jdk.internal.reflect.NativeMethodAccessorImpl.invoke(NativeMethodAccessorImpl.java:62)\r\n\tat java.base/jdk.internal.reflect.DelegatingMethodAccessorImpl.invoke(DelegatingMethodAccessorImpl.java:43)\r\n\tat java.base/java.lang.reflect.Method.invoke(Method.java:564)\r\n\tat org.testng.internal.MethodInvocationHelper.invokeMethod(MethodInvocationHelper.java:132)\r\n\tat org.testng.internal.TestInvoker.invokeMethod(TestInvoker.java:599)\r\n\tat org.testng.internal.TestInvoker.invokeTestMethod(TestInvoker.java:174)\r\n\tat org.testng.internal.MethodRunner.runInSequence(MethodRunner.java:46)\r\n\tat org.testng.internal.TestInvoker$MethodInvocationAgent.invoke(TestInvoker.java:822)\r\n\tat org.testng.internal.TestInvoker.invokeTestMethods(TestInvoker.java:147)\r\n\tat org.testng.internal.TestMethodWorker.invokeTestMethods(TestMethodWorker.java:146)\r\n\tat org.testng.internal.TestMethodWorker.run(TestMethodWorker.java:128)\r\n\tat java.base/java.util.ArrayList.forEach(ArrayList.java:1511)\r\n\tat org.testng.TestRunner.privateRun(TestRunner.java:764)\r\n\tat org.testng.TestRunner.run(TestRunner.java:585)\r\n\tat org.testng.SuiteRunner.runTest(SuiteRunner.java:384)\r\n\tat org.testng.SuiteRunner.runSequentially(SuiteRunner.java:378)\r\n\tat org.testng.SuiteRunner.privateRun(SuiteRunner.java:337)\r\n\tat org.testng.SuiteRunner.run(SuiteRunner.java:286)\r\n\tat org.testng.SuiteRunnerWorker.runSuite(SuiteRunnerWorker.java:53)\r\n\tat org.testng.SuiteRunnerWorker.run(SuiteRunnerWorker.java:96)\r\n\tat org.testng.TestNG.runSuitesSequentially(TestNG.java:1218)\r\n\tat org.testng.TestNG.runSuitesLocally(TestNG.java:1140)\r\n\tat org.testng.TestNG.runSuites(TestNG.java:1069)\r\n\tat org.testng.TestNG.run(TestNG.java:1037)\r\n\tat com.intellij.rt.testng.IDEARemoteTestNG.run(IDEARemoteTestNG.java:66)\r\n\tat com.intellij.rt.testng.RemoteTestNGStarter.main(RemoteTestNGStarter.java:109)\r\n"},"stage":"finished","description":"matrix row test","steps":[{"name":"matrixTest","status":"failed","statusDetails":{"known":false,"muted":false,"flaky":false,"message":"did not expect [0] but found [0]","trace":"java.lang.AssertionError: did not expect [0] but found [0]\r\n\tat org.testng.Assert.fail(Assert.java:99)\r\n\tat org.testng.Assert.failEquals(Assert.java:1041)\r\n\tat org.testng.Assert.assertNotEqualsImpl(Assert.java:147)\r\n\tat org.testng.Assert.assertNotEquals(Assert.java:1531)\r\n\tat org.testng.Assert.assertNotEquals(Assert.java:1535)\r\n\tat theinternettests.ChallengingDOM.isLastIndexEqualsZero(ChallengingDOM.java:30)\r\n\tat theinternettests.ChallengingDOM.matrixTest(ChallengingDOM.java:24)\r\n\tat theinternettests.TheInternetTest.matrixTest(TheInternetTest.java:81)\r\n\tat java.base/jdk.internal.reflect.NativeMethodAccessorImpl.invoke0(Native Method)\r\n\tat java.base/jdk.internal.reflect.NativeMethodAccessorImpl.invoke(NativeMethodAccessorImpl.java:62)\r\n\tat java.base/jdk.internal.reflect.DelegatingMethodAccessorImpl.invoke(DelegatingMethodAccessorImpl.java:43)\r\n\tat java.base/java.lang.reflect.Method.invoke(Method.java:564)\r\n\tat org.testng.internal.MethodInvocationHelper.invokeMethod(MethodInvocationHelper.java:132)\r\n\tat org.testng.internal.TestInvoker.invokeMethod(TestInvoker.java:599)\r\n\tat org.testng.internal.TestInvoker.invokeTestMethod(TestInvoker.java:174)\r\n\tat org.testng.internal.MethodRunner.runInSequence(MethodRunner.java:46)\r\n\tat org.testng.internal.TestInvoker$MethodInvocationAgent.invoke(TestInvoker.java:822)\r\n\tat org.testng.internal.TestInvoker.invokeTestMethods(TestInvoker.java:147)\r\n\tat org.testng.internal.TestMethodWorker.invokeTestMethods(TestMethodWorker.java:146)\r\n\tat org.testng.internal.TestMethodWorker.run(TestMethodWorker.java:128)\r\n\tat java.base/java.util.ArrayList.forEach(ArrayList.java:1511)\r\n\tat org.testng.TestRunner.privateRun(TestRunner.java:764)\r\n\tat org.testng.TestRunner.run(TestRunner.java:585)\r\n\tat org.testng.SuiteRunner.runTest(SuiteRunner.java:384)\r\n\tat org.testng.SuiteRunner.runSequentially(SuiteRunner.java:378)\r\n\tat org.testng.SuiteRunner.privateRun(SuiteRunner.java:337)\r\n\tat org.testng.SuiteRunner.run(SuiteRunner.java:286)\r\n\tat org.testng.SuiteRunnerWorker.runSuite(SuiteRunnerWorker.java:53)\r\n\tat org.testng.SuiteRunnerWorker.run(SuiteRunnerWorker.java:96)\r\n\tat org.testng.TestNG.runSuitesSequentially(TestNG.java:1218)\r\n\tat org.testng.TestNG.runSuitesLocally(TestNG.java:1140)\r\n\tat org.testng.TestNG.runSuites(TestNG.java:1069)\r\n\tat org.testng.TestNG.run(TestNG.java:1037)\r\n\tat com.intellij.rt.testng.IDEARemoteTestNG.run(IDEARemoteTestNG.java:66)\r\n\tat com.intellij.rt.testng.RemoteTestNGStarter.main(RemoteTestNGStarter.java:109)\r\n"},"stage":"finished","steps":[{"name":"index 1text Iuvaret0","status":"passed","stage":"finished","steps":[],"attachments":[],"parameters":[],"start":1601337000325,"stop":1601337000326}],"attachments":[],"parameters":[],"start":1601336998309,"stop":1601337000340}],"attachments":[],"parameters":[],"start":1601336998242,"stop":1601337000351,"uuid":"45d60962-8170-4936-b0b1-9047801892c7","historyId":"7912c3584a809a451ab060ac52a66701","fullName":"theinternettests.TheInternetTest.matrixTest","labels":[{"name":"package","value":"theinternettests.TheInternetTest"},{"name":"testClass","value":"theinternettests.TheInternetTest"},{"name":"testMethod","value":"matrixTest"},{"name":"parentSuite","value":"Default Suite"},{"name":"suite","value":"TBCTestExample"},{"name":"subSuite","value":"theinternettests.TheInternetTest"},{"name":"host","value":"DESKTOP-3C6C953"},{"name":"thread","value":"2684@DESKTOP-3C6C953.main(1)"},{"name":"framework","value":"testng"},{"name":"language","value":"java"},{"name":"story","value":"challenging DOM page"}],"links":[]}